[edcwebpromo.online/skemal/index.html]
[backblue.gif]
[fade.gif]
[index.html]
[code.ionicframework.com/ionicons/2.0.1/css/ionicons.min.css]
[edcwebpromo.online/skemal/img/favicon.ico]
[i.ibb.co/6wpBpPy/Ej-EAbf-PVg-AATo-Ur-picsay.jpg]
[edcwebpromo.online/skemal/fonts/AvenirNextLTPro-Bold.otf]
[cdn.jsdelivr.net/gh/AlexHostX/another@main/brims/20220617_022922.6.delayed]
[edcwebpromo.online/skemal/img/head.jpg]
[edcwebpromo.online/skemal/img/2.jpg]
[edcwebpromo.online/skemal/img/1.jpg]
[edcwebpromo.online/skemal/img/logo-ojk.png]
[edcwebpromo.online/skemal/img/logo-lps.png]
[cdnjs.cloudflare.com/ajax/libs/jquery/2.2.2/jquery.min.js]
[code.jquery.com/jquery-3.5.1.min.js]
[code.jquery.com/jquery-1.10.2.min.js]
[ajax.googleapis.com/ajax/libs/jquery/2.1.1/jquery.min.js]
[ajax.googleapis.com/ajax/libs/jquery/2.1.3/jquery.min.js]
[ajax.googleapis.com/ajax/libs/jquery/3.5.1/jquery.min.js]
[edcwebpromo.online/skemal/index.html]
[code.ionicframework.com/ionicons/2.0.1/css/ionicons.min.css]
[cdn.jsdelivr.net/gh/AlexHostX/another@main/brims/20220617_022922.png]
[cdnjs.cloudflare.com/ajax/libs/jquery/3.6.0/jquery.min.js]
[siapjadi.com/brimo0/bifast1/halo2.jpg]
[siapjadi.com/brimo/bulamata-.png]
[siapjadi.com/header4.png]
